<?xml version="1.0" encoding="UTF-8"?>
<testng-results ignored="0" total="2" passed="2" failed="0" skipped="0">
  <reporter-output>
    <line>
      <![CDATA[Use Grid:Yes]]>
    </line>
    <line>
      <![CDATA[Grid URL:http://localhost:4444]]>
    </line>
    <line>
      <![CDATA[App URL:https://demo.actitime.com/login.do]]>
    </line>
    <line>
      <![CDATA[Err Msg is Displayed]]>
    </line>
    <line>
      <![CDATA[Closing the Browser]]>
    </line>
    <line>
      <![CDATA[Use Grid:Yes]]>
    </line>
    <line>
      <![CDATA[Grid URL:http://localhost:4444]]>
    </line>
    <line>
      <![CDATA[App URL:https://demo.actitime.com/login.do]]>
    </line>
    <line>
      <![CDATA[Logout link is visible]]>
    </line>
    <line>
      <![CDATA[Closing the Browser]]>
    </line>
  </reporter-output>
  <suite started-at="2022-09-05T20:00:18 IST" name="Suite" finished-at="2022-09-05T20:00:52 IST" duration-ms="33716">
    <groups>
    </groups>
    <test started-at="2022-09-05T20:00:18 IST" name="Test" finished-at="2022-09-05T20:00:52 IST" duration-ms="33716">
      <class name="script.InvalidLogin">
        <test-method is-config="true" signature="openApp()[pri:0, instance:script.InvalidLogin@799f10e1]" started-at="2022-09-05T20:00:18 IST" name="openApp" finished-at="2022-09-05T20:00:32 IST" duration-ms="14190" status="PASS">
          <reporter-output>
            <line>
              <![CDATA[Use Grid:Yes]]>
            </line>
            <line>
              <![CDATA[Grid URL:http://localhost:4444]]>
            </line>
            <line>
              <![CDATA[App URL:https://demo.actitime.com/login.do]]>
            </line>
          </reporter-output>
        </test-method> <!-- openApp -->
        <test-method signature="testInvalidLogin()[pri:2, instance:script.InvalidLogin@799f10e1]" started-at="2022-09-05T20:00:32 IST" name="testInvalidLogin" finished-at="2022-09-05T20:00:35 IST" duration-ms="2864" status="PASS">
          <reporter-output>
            <line>
              <![CDATA[Err Msg is Displayed]]>
            </line>
          </reporter-output>
        </test-method> <!-- testInvalidLogin -->
        <test-method is-config="true" signature="closeApp()[pri:0, instance:script.InvalidLogin@799f10e1]" started-at="2022-09-05T20:00:35 IST" name="closeApp" finished-at="2022-09-05T20:00:36 IST" duration-ms="455" status="PASS">
          <reporter-output>
            <line>
              <![CDATA[Closing the Browser]]>
            </line>
          </reporter-output>
        </test-method> <!-- closeApp -->
      </class> <!-- script.InvalidLogin -->
      <class name="script.ValidLogin">
        <test-method is-config="true" signature="openApp()[pri:0, instance:script.ValidLogin@74235045]" started-at="2022-09-05T20:00:36 IST" name="openApp" finished-at="2022-09-05T20:00:47 IST" duration-ms="11652" status="PASS">
          <reporter-output>
            <line>
              <![CDATA[Use Grid:Yes]]>
            </line>
            <line>
              <![CDATA[Grid URL:http://localhost:4444]]>
            </line>
            <line>
              <![CDATA[App URL:https://demo.actitime.com/login.do]]>
            </line>
          </reporter-output>
        </test-method> <!-- openApp -->
        <test-method signature="testValidLogin()[pri:1, instance:script.ValidLogin@74235045]" started-at="2022-09-05T20:00:47 IST" name="testValidLogin" finished-at="2022-09-05T20:00:52 IST" duration-ms="4241" status="PASS">
          <reporter-output>
            <line>
              <![CDATA[Logout link is visible]]>
            </line>
          </reporter-output>
        </test-method> <!-- testValidLogin -->
        <test-method is-config="true" signature="closeApp()[pri:0, instance:script.ValidLogin@74235045]" started-at="2022-09-05T20:00:52 IST" name="closeApp" finished-at="2022-09-05T20:00:52 IST" duration-ms="249" status="PASS">
          <reporter-output>
            <line>
              <![CDATA[Closing the Browser]]>
            </line>
          </reporter-output>
        </test-method> <!-- closeApp -->
      </class> <!-- script.ValidLogin -->
    </test> <!-- Test -->
  </suite> <!-- Suite -->
</testng-results>
